<?xml version="1.0" encoding="UTF-8"?>
<testng-results skipped="0" failed="0" ignored="0" total="7" passed="7">
  <reporter-output>
    <line>
      <![CDATA[nicor opened]]>
    </line>
    <line>
      <![CDATA[Title is matching :NICOR]]>
    </line>
    <line>
      <![CDATA[clicked audit programme]]>
    </line>
    <line>
      <![CDATA[Title is matching :NICOR | National Cardiac Audit Programme]]>
    </line>
    <line>
      <![CDATA[nicor closed]]>
    </line>
    <line>
      <![CDATA[nicor opened]]>
    </line>
    <line>
      <![CDATA[Title is matching :NICOR]]>
    </line>
    <line>
      <![CDATA[clicked commisioners]]>
    </line>
    <line>
      <![CDATA[Title is matching :NICOR | For commissioners of healthcare services]]>
    </line>
    <line>
      <![CDATA[nicor closed]]>
    </line>
    <line>
      <![CDATA[nicor opened]]>
    </line>
    <line>
      <![CDATA[Title is matching :NICOR]]>
    </line>
    <line>
      <![CDATA[clicked organisations]]>
    </line>
    <line>
      <![CDATA[Title is matching :NICOR | For health organisations and regulators]]>
    </line>
    <line>
      <![CDATA[nicor closed]]>
    </line>
    <line>
      <![CDATA[nicor opened]]>
    </line>
    <line>
      <![CDATA[Title is matching :NICOR]]>
    </line>
    <line>
      <![CDATA[clicked charities and public link]]>
    </line>
    <line>
      <![CDATA[Title is matching :NICOR | For patients, carers, charities and the public]]>
    </line>
    <line>
      <![CDATA[nicor closed]]>
    </line>
    <line>
      <![CDATA[nicor opened]]>
    </line>
    <line>
      <![CDATA[Title is matching :NICOR]]>
    </line>
    <line>
      <![CDATA[clicked researchers]]>
    </line>
    <line>
      <![CDATA[Title is matching :NICOR | For researchers]]>
    </line>
    <line>
      <![CDATA[nicor closed]]>
    </line>
    <line>
      <![CDATA[nicor opened]]>
    </line>
    <line>
      <![CDATA[Title is matching :NICOR]]>
    </line>
    <line>
      <![CDATA[clicked hosp]]>
    </line>
    <line>
      <![CDATA[Title is matching :NICOR | For hospital clinical and audit teams]]>
    </line>
    <line>
      <![CDATA[nicor closed]]>
    </line>
    <line>
      <![CDATA[nicor opened]]>
    </line>
    <line>
      <![CDATA[Title is matching :NICOR]]>
    </line>
    <line>
      <![CDATA[clicked hosp]]>
    </line>
    <line>
      <![CDATA[clicked research]]>
    </line>
    <line>
      <![CDATA[clicked charities]]>
    </line>
    <line>
      <![CDATA[clicked organisation]]>
    </line>
    <line>
      <![CDATA[clicked comm]]>
    </line>
    <line>
      <![CDATA[clicked audit]]>
    </line>
    <line>
      <![CDATA[nicor closed]]>
    </line>
  </reporter-output>
  <suite name="Suite" duration-ms="275077" started-at="2018-07-12T12:44:12Z" finished-at="2018-07-12T12:48:48Z">
    <groups>
    </groups>
    <test name="Test" duration-ms="275077" started-at="2018-07-12T12:44:12Z" finished-at="2018-07-12T12:48:48Z">
      <class name="com.nicor.tests.TC_01_005">
        <test-method status="PASS" signature="precondition()[pri:0, instance:com.nicor.tests.TC_01_005@46daef40]" name="precondition" is-config="true" duration-ms="34254" started-at="2018-07-12T12:45:28Z" finished-at="2018-07-12T12:46:02Z">
          <reporter-output>
            <line>
              <![CDATA[nicor opened]]>
            </line>
          </reporter-output>
        </test-method> <!-- precondition -->
        <test-method status="PASS" signature="testresearchersPage()[pri:0, instance:com.nicor.tests.TC_01_005@46daef40]" name="testresearchersPage" duration-ms="1413" started-at="2018-07-12T12:46:02Z" finished-at="2018-07-12T12:46:03Z">
          <reporter-output>
            <line>
              <![CDATA[Title is matching :NICOR]]>
            </line>
            <line>
              <![CDATA[clicked organisations]]>
            </line>
            <line>
              <![CDATA[Title is matching :NICOR | For health organisations and regulators]]>
            </line>
          </reporter-output>
        </test-method> <!-- testresearchersPage -->
        <test-method status="PASS" signature="postCondition()[pri:0, instance:com.nicor.tests.TC_01_005@46daef40]" name="postCondition" is-config="true" duration-ms="2165" started-at="2018-07-12T12:46:03Z" finished-at="2018-07-12T12:46:06Z">
          <reporter-output>
            <line>
              <![CDATA[nicor closed]]>
            </line>
          </reporter-output>
        </test-method> <!-- postCondition -->
      </class> <!-- com.nicor.tests.TC_01_005 -->
      <class name="com.nicor.tests.TC_01_006">
        <test-method status="PASS" signature="precondition()[pri:0, instance:com.nicor.tests.TC_01_006@7b69c6ba]" name="precondition" is-config="true" duration-ms="34302" started-at="2018-07-12T12:44:52Z" finished-at="2018-07-12T12:45:26Z">
          <reporter-output>
            <line>
              <![CDATA[nicor opened]]>
            </line>
          </reporter-output>
        </test-method> <!-- precondition -->
        <test-method status="PASS" signature="testresearchersPage()[pri:0, instance:com.nicor.tests.TC_01_006@7b69c6ba]" name="testresearchersPage" duration-ms="1615" started-at="2018-07-12T12:45:26Z" finished-at="2018-07-12T12:45:28Z">
          <reporter-output>
            <line>
              <![CDATA[Title is matching :NICOR]]>
            </line>
            <line>
              <![CDATA[clicked commisioners]]>
            </line>
            <line>
              <![CDATA[Title is matching :NICOR | For commissioners of healthcare services]]>
            </line>
          </reporter-output>
        </test-method> <!-- testresearchersPage -->
        <test-method status="PASS" signature="postCondition()[pri:0, instance:com.nicor.tests.TC_01_006@7b69c6ba]" name="postCondition" is-config="true" duration-ms="72" started-at="2018-07-12T12:45:28Z" finished-at="2018-07-12T12:45:28Z">
          <reporter-output>
            <line>
              <![CDATA[nicor closed]]>
            </line>
          </reporter-output>
        </test-method> <!-- postCondition -->
      </class> <!-- com.nicor.tests.TC_01_006 -->
      <class name="com.nicor.tests.TC_01_003">
        <test-method status="PASS" signature="precondition()[pri:0, instance:com.nicor.tests.TC_01_003@13c27452]" name="precondition" is-config="true" duration-ms="34437" started-at="2018-07-12T12:46:41Z" finished-at="2018-07-12T12:47:16Z">
          <reporter-output>
            <line>
              <![CDATA[nicor opened]]>
            </line>
          </reporter-output>
        </test-method> <!-- precondition -->
        <test-method status="PASS" signature="testresearchersPage()[pri:0, instance:com.nicor.tests.TC_01_003@13c27452]" name="testresearchersPage" duration-ms="1333" started-at="2018-07-12T12:47:16Z" finished-at="2018-07-12T12:47:17Z">
          <reporter-output>
            <line>
              <![CDATA[Title is matching :NICOR]]>
            </line>
            <line>
              <![CDATA[clicked researchers]]>
            </line>
            <line>
              <![CDATA[Title is matching :NICOR | For researchers]]>
            </line>
          </reporter-output>
        </test-method> <!-- testresearchersPage -->
        <test-method status="PASS" signature="postCondition()[pri:0, instance:com.nicor.tests.TC_01_003@13c27452]" name="postCondition" is-config="true" duration-ms="2342" started-at="2018-07-12T12:47:17Z" finished-at="2018-07-12T12:47:19Z">
          <reporter-output>
            <line>
              <![CDATA[nicor closed]]>
            </line>
          </reporter-output>
        </test-method> <!-- postCondition -->
      </class> <!-- com.nicor.tests.TC_01_003 -->
      <class name="com.nicor.tests.TC_01_004">
        <test-method status="PASS" signature="precondition()[pri:0, instance:com.nicor.tests.TC_01_004@12f41634]" name="precondition" is-config="true" duration-ms="34196" started-at="2018-07-12T12:46:06Z" finished-at="2018-07-12T12:46:40Z">
          <reporter-output>
            <line>
              <![CDATA[nicor opened]]>
            </line>
          </reporter-output>
        </test-method> <!-- precondition -->
        <test-method status="PASS" signature="testresearchersPage()[pri:0, instance:com.nicor.tests.TC_01_004@12f41634]" name="testresearchersPage" duration-ms="1434" started-at="2018-07-12T12:46:40Z" finished-at="2018-07-12T12:46:41Z">
          <reporter-output>
            <line>
              <![CDATA[Title is matching :NICOR]]>
            </line>
            <line>
              <![CDATA[clicked charities and public link]]>
            </line>
            <line>
              <![CDATA[Title is matching :NICOR | For patients, carers, charities and the public]]>
            </line>
          </reporter-output>
        </test-method> <!-- testresearchersPage -->
        <test-method status="PASS" signature="postCondition()[pri:0, instance:com.nicor.tests.TC_01_004@12f41634]" name="postCondition" is-config="true" duration-ms="122" started-at="2018-07-12T12:46:41Z" finished-at="2018-07-12T12:46:41Z">
          <reporter-output>
            <line>
              <![CDATA[nicor closed]]>
            </line>
          </reporter-output>
        </test-method> <!-- postCondition -->
      </class> <!-- com.nicor.tests.TC_01_004 -->
      <class name="com.nicor.tests.TC_01_007">
        <test-method status="PASS" signature="precondition()[pri:0, instance:com.nicor.tests.TC_01_007@44c8afef]" name="precondition" is-config="true" duration-ms="36642" started-at="2018-07-12T12:44:12Z" finished-at="2018-07-12T12:44:49Z">
          <reporter-output>
            <line>
              <![CDATA[nicor opened]]>
            </line>
          </reporter-output>
        </test-method> <!-- precondition -->
        <test-method status="PASS" signature="testresearchersPage()[pri:0, instance:com.nicor.tests.TC_01_007@44c8afef]" name="testresearchersPage" duration-ms="2514" started-at="2018-07-12T12:44:49Z" finished-at="2018-07-12T12:44:52Z">
          <reporter-output>
            <line>
              <![CDATA[Title is matching :NICOR]]>
            </line>
            <line>
              <![CDATA[clicked audit programme]]>
            </line>
            <line>
              <![CDATA[Title is matching :NICOR | National Cardiac Audit Programme]]>
            </line>
          </reporter-output>
        </test-method> <!-- testresearchersPage -->
        <test-method status="PASS" signature="postCondition()[pri:0, instance:com.nicor.tests.TC_01_007@44c8afef]" name="postCondition" is-config="true" duration-ms="95" started-at="2018-07-12T12:44:52Z" finished-at="2018-07-12T12:44:52Z">
          <reporter-output>
            <line>
              <![CDATA[nicor closed]]>
            </line>
          </reporter-output>
        </test-method> <!-- postCondition -->
      </class> <!-- com.nicor.tests.TC_01_007 -->
      <class name="com.nicor.tests.TC_01_001">
        <test-method status="PASS" signature="precondition()[pri:0, instance:com.nicor.tests.TC_01_001@371a67ec]" name="precondition" is-config="true" duration-ms="34733" started-at="2018-07-12T12:47:57Z" finished-at="2018-07-12T12:48:32Z">
          <reporter-output>
            <line>
              <![CDATA[nicor opened]]>
            </line>
          </reporter-output>
        </test-method> <!-- precondition -->
        <test-method status="PASS" signature="testHomePage()[pri:0, instance:com.nicor.tests.TC_01_001@371a67ec]" name="testHomePage" duration-ms="13516" started-at="2018-07-12T12:48:32Z" finished-at="2018-07-12T12:48:45Z">
          <reporter-output>
            <line>
              <![CDATA[Title is matching :NICOR]]>
            </line>
            <line>
              <![CDATA[clicked hosp]]>
            </line>
            <line>
              <![CDATA[clicked research]]>
            </line>
            <line>
              <![CDATA[clicked charities]]>
            </line>
            <line>
              <![CDATA[clicked organisation]]>
            </line>
            <line>
              <![CDATA[clicked comm]]>
            </line>
            <line>
              <![CDATA[clicked audit]]>
            </line>
          </reporter-output>
        </test-method> <!-- testHomePage -->
        <test-method status="PASS" signature="postCondition()[pri:0, instance:com.nicor.tests.TC_01_001@371a67ec]" name="postCondition" is-config="true" duration-ms="2351" started-at="2018-07-12T12:48:45Z" finished-at="2018-07-12T12:48:48Z">
          <reporter-output>
            <line>
              <![CDATA[nicor closed]]>
            </line>
          </reporter-output>
        </test-method> <!-- postCondition -->
      </class> <!-- com.nicor.tests.TC_01_001 -->
      <class name="com.nicor.tests.TC_01_002">
        <test-method status="PASS" signature="precondition()[pri:0, instance:com.nicor.tests.TC_01_002@262b2c86]" name="precondition" is-config="true" duration-ms="35787" started-at="2018-07-12T12:47:19Z" finished-at="2018-07-12T12:47:55Z">
          <reporter-output>
            <line>
              <![CDATA[nicor opened]]>
            </line>
          </reporter-output>
        </test-method> <!-- precondition -->
        <test-method status="PASS" signature="testHospitalsPage()[pri:0, instance:com.nicor.tests.TC_01_002@262b2c86]" name="testHospitalsPage" duration-ms="1445" started-at="2018-07-12T12:47:55Z" finished-at="2018-07-12T12:47:57Z">
          <reporter-output>
            <line>
              <![CDATA[Title is matching :NICOR]]>
            </line>
            <line>
              <![CDATA[clicked hosp]]>
            </line>
            <line>
              <![CDATA[Title is matching :NICOR | For hospital clinical and audit teams]]>
            </line>
          </reporter-output>
        </test-method> <!-- testHospitalsPage -->
        <test-method status="PASS" signature="postCondition()[pri:0, instance:com.nicor.tests.TC_01_002@262b2c86]" name="postCondition" is-config="true" duration-ms="243" started-at="2018-07-12T12:47:57Z" finished-at="2018-07-12T12:47:57Z">
          <reporter-output>
            <line>
              <![CDATA[nicor closed]]>
            </line>
          </reporter-output>
        </test-method> <!-- postCondition -->
      </class> <!-- com.nicor.tests.TC_01_002 -->
    </test> <!-- Test -->
  </suite> <!-- Suite -->
</testng-results>
