<?xml version="1.0" encoding="UTF-8"?>
<!-- Generated by org.testng.reporters.JUnitXMLReporter -->
<testsuite hostname="DESKTOP-L3RQ4M2" ignored="0" name="Test" tests="7" failures="0" timestamp="12 Jul 2018 12:48:48 GMT" time="275.077" errors="0">
  <testcase name="testresearchersPage" time="2.514" classname="com.nicor.tests.TC_01_007"/>
  <testcase name="testresearchersPage" time="1.615" classname="com.nicor.tests.TC_01_006"/>
  <testcase name="testresearchersPage" time="1.413" classname="com.nicor.tests.TC_01_005"/>
  <testcase name="testresearchersPage" time="1.434" classname="com.nicor.tests.TC_01_004"/>
  <testcase name="testresearchersPage" time="1.333" classname="com.nicor.tests.TC_01_003"/>
  <testcase name="testHospitalsPage" time="1.445" classname="com.nicor.tests.TC_01_002"/>
  <testcase name="testHomePage" time="13.516" classname="com.nicor.tests.TC_01_001"/>
</testsuite> <!-- Test -->
