<?xml version="1.0" encoding="UTF-8"?>
<!-- Generated by org.testng.reporters.JUnitXMLReporter -->
<testsuite hostname="DESKTOP-L3RQ4M2" ignored="0" name="Test" tests="33" failures="1" timestamp="17 Jul 2018 18:21:16 GMT" time="1291.52" errors="0">
  <testcase name="testGlossaryPage" time="3.174" classname="com.nicor.tests.TC_02_005"/>
  <testcase name="testGlossaryPage" time="2.028" classname="com.nicor.tests.TC_02_004"/>
  <testcase name="testGlossaryPage" time="3.551" classname="com.nicor.tests.TC_02_026"/>
  <testcase name="testGlossaryPage" time="5.788" classname="com.nicor.tests.TC_02_007"/>
  <testcase name="testGlossaryPage" time="2.931" classname="com.nicor.tests.TC_02_006"/>
  <testcase name="testAboutNicorPage" time="1.123" classname="com.nicor.tests.TC_02_001"/>
  <testcase name="testGlossaryPage" time="2.544" classname="com.nicor.tests.TC_02_023"/>
  <testcase name="testGlossaryPage" time="2.479" classname="com.nicor.tests.TC_02_022"/>
  <testcase name="testGlossaryPage" time="2.225" classname="com.nicor.tests.TC_02_003"/>
  <testcase name="testGlossaryPage" time="2.662" classname="com.nicor.tests.TC_02_025"/>
  <testcase name="testGlossaryPage" time="2.784" classname="com.nicor.tests.TC_02_002"/>
  <testcase name="testGlossaryPage" time="1.967" classname="com.nicor.tests.TC_02_024"/>
  <testcase name="testGlossaryPage" time="3.06" classname="com.nicor.tests.TC_02_021"/>
  <testcase name="testGlossaryPage" time="2.985" classname="com.nicor.tests.TC_02_020"/>
  <testcase name="testGlossaryPage" time="2.628" classname="com.nicor.tests.TC_02_009"/>
  <testcase name="testGlossaryPage" time="3.182" classname="com.nicor.tests.TC_02_008"/>
  <testcase name="testGlossaryPage" time="2.176" classname="com.nicor.tests.TC_02_016"/>
  <testcase name="testGlossaryPage" time="2.812" classname="com.nicor.tests.TC_02_015"/>
  <testcase name="testGlossaryPage" time="2.767" classname="com.nicor.tests.TC_02_018"/>
  <testcase name="testGlossaryPage" time="2.603" classname="com.nicor.tests.TC_02_017"/>
  <testcase name="testGlossaryPage" time="2.938" classname="com.nicor.tests.TC_02_012"/>
  <testcase name="testGlossaryPage" time="2.791" classname="com.nicor.tests.TC_02_011"/>
  <testcase name="testGlossaryPage" time="2.363" classname="com.nicor.tests.TC_02_014"/>
  <testcase name="testGlossaryPage" time="2.629" classname="com.nicor.tests.TC_02_013"/>
  <testcase name="testGlossaryPage" time="3.015" classname="com.nicor.tests.TC_02_010"/>
  <testcase name="testresearchersPage" time="3.385" classname="com.nicor.tests.TC_01_007"/>
  <testcase name="testresearchersPage" time="2.441" classname="com.nicor.tests.TC_01_006"/>
  <testcase name="testresearchersPage" time="17.764" classname="com.nicor.tests.TC_01_005">
    <failure type="java.lang.AssertionError">
      <![CDATA[java.lang.AssertionError
at org.junit.Assert.fail(Assert.java:86)
at org.junit.Assert.fail(Assert.java:95)
at com.nicor.generic.BasePage.verifyTitle(BasePage.java:33)
at com.nicor.pages.NicorHome.verifyTheTitle(NicorHome.java:156)
at com.nicor.tests.TC_01_005.testresearchersPage(TC_01_005.java:25)
... Removed 25 stack frames]]>
    </failure>
  </testcase> <!-- testresearchersPage -->
  <testcase name="testresearchersPage" time="1.136" classname="com.nicor.tests.TC_01_004"/>
  <testcase name="testresearchersPage" time="0.962" classname="com.nicor.tests.TC_01_003"/>
  <testcase name="testHospitalsPage" time="1.225" classname="com.nicor.tests.TC_01_002"/>
  <testcase name="testHomePage" time="0.54" classname="com.nicor.tests.TC_01_001"/>
  <testcase name="testGlossaryPage" time="3.005" classname="com.nicor.tests.TC_02_019"/>
</testsuite> <!-- Test -->
